<?xml version="1.0" encoding="UTF-8"?>
<testsuite xmlns:xsi="http://www.w3.org/2001/XMLSchema-instance" xsi:noNamespaceSchemaLocation="https://maven.apache.org/surefire/maven-surefire-plugin/xsd/surefire-test-report.xsd" version="3.0.2" name="vn.edu.uth.quanlidaythem.QuanlidaythemApplicationTests" time="5.832" tests="1" errors="0" skipped="0" failures="0">
  <properties>
[...]
</properties>
  <testcase name="contextLoads" classname="vn.edu.uth.quanlidaythem.QuanlidaythemApplicationTests" time="0.368">
    <system-out><![CDATA[14:35:26.003 [main] INFO org.springframework.test.context.support.AnnotationConfigContextLoaderUtils -- Could not detect default configuration classes for test class [vn.edu.uth.quanlidaythem.QuanlidaythemApplicationTests]: QuanlidaythemApplicationTests does not declare any static, non-private, non-final, nested classes annotated with @Configuration.
14:35:26.140 [main] INFO org.springframework.boot.test.context.SpringBootTestContextBootstrapper -- Found @SpringBootConfiguration vn.edu.uth.quanlidaythem.QuanlidaythemApplication for test class vn.edu.uth.quanlidaythem.QuanlidaythemApplicationTests
14:35:26.377 [main] INFO org.springframework.boot.devtools.restart.RestartApplicationListener -- Restart disabled due to context in which it is running

  .   ____          _            __ _ _
 /\\ / ___'_ __ _ _(_)_ __  __ _ \ \ \ \
( ( )\___ | '_ | '_| | '_ \/ _` | \ \ \ \
 \\/  ___)| |_)| | | | | || (_| |  ) ) ) )
  '  |____| .__|_| |_|_| |_\__, | / / / /
 =========|_|==============|___/=/_/_/_/

 :: Spring Boot ::                (v3.5.6)

2025-10-13T14:35:26.850+07:00  INFO 2132 --- [           main] v.e.u.q.QuanlidaythemApplicationTests    : Starting QuanlidaythemApplicationTests using Java 17.0.12 with PID 2132 (started by HONG DONG in c:\Users\HONG DONG\Downloads\quanlidaythem\quanlidaythem)
2025-10-13T14:35:26.852+07:00  INFO 2132 --- [           main] v.e.u.q.QuanlidaythemApplicationTests    : No active profile set, falling back to 1 default profile: "default"
2025-10-13T14:35:27.841+07:00  INFO 2132 --- [           main] .s.d.r.c.RepositoryConfigurationDelegate : Bootstrapping Spring Data JPA repositories in DEFAULT mode.
2025-10-13T14:35:27.914+07:00  INFO 2132 --- [           main] .s.d.r.c.RepositoryConfigurationDelegate : Finished Spring Data repository scanning in 60 ms. Found 1 JPA repository interface.
2025-10-13T14:35:28.511+07:00  INFO 2132 --- [           main] o.hibernate.jpa.internal.util.LogHelper  : HHH000204: Processing PersistenceUnitInfo [name: default]
2025-10-13T14:35:28.587+07:00  INFO 2132 --- [           main] org.hibernate.Version                    : HHH000412: Hibernate ORM core version 6.6.29.Final
2025-10-13T14:35:28.643+07:00  INFO 2132 --- [           main] o.h.c.internal.RegionFactoryInitiator    : HHH000026: Second-level cache disabled
2025-10-13T14:35:29.076+07:00  INFO 2132 --- [           main] o.s.o.j.p.SpringPersistenceUnitInfo      : No LoadTimeWeaver setup: ignoring JPA class transformer
2025-10-13T14:35:29.124+07:00  INFO 2132 --- [           main] com.zaxxer.hikari.HikariDataSource       : HikariPool-1 - Starting...
2025-10-13T14:35:29.275+07:00  INFO 2132 --- [           main] com.zaxxer.hikari.pool.HikariPool        : HikariPool-1 - Added connection com.mysql.cj.jdbc.ConnectionImpl@9bf63d2
2025-10-13T14:35:29.277+07:00  INFO 2132 --- [           main] com.zaxxer.hikari.HikariDataSource       : HikariPool-1 - Start completed.
2025-10-13T14:35:29.309+07:00  WARN 2132 --- [           main] org.hibernate.orm.deprecation            : HHH90000025: MySQL8Dialect does not need to be specified explicitly using 'hibernate.dialect' (remove the property setting and it will be selected by default)
2025-10-13T14:35:29.310+07:00  WARN 2132 --- [           main] org.hibernate.orm.deprecation            : HHH90000026: MySQL8Dialect has been deprecated; use org.hibernate.dialect.MySQLDialect instead
2025-10-13T14:35:29.331+07:00  INFO 2132 --- [           main] org.hibernate.orm.connections.pooling    : HHH10001005: Database info:
	Database JDBC URL [Connecting through datasource 'HikariDataSource (HikariPool-1)']
	Database driver: undefined/unknown
	Database version: 8.0
	Autocommit mode: undefined/unknown
	Isolation level: undefined/unknown
	Minimum pool size: undefined/unknown
	Maximum pool size: undefined/unknown
2025-10-13T14:35:29.351+07:00 DEBUG 2132 --- [           main] o.h.t.d.sql.spi.DdlTypeRegistry          : addDescriptor(12, org.hibernate.type.descriptor.sql.internal.CapacityDependentDdlType@40738846) replaced previous registration(org.hibernate.type.descriptor.sql.internal.CapacityDependentDdlType@1255de25)
2025-10-13T14:35:29.352+07:00 DEBUG 2132 --- [           main] o.h.t.d.sql.spi.DdlTypeRegistry          : addDescriptor(-9, org.hibernate.type.descriptor.sql.internal.CapacityDependentDdlType@1686ed85) replaced previous registration(org.hibernate.type.descriptor.sql.internal.CapacityDependentDdlType@5891b7c5)
2025-10-13T14:35:29.352+07:00 DEBUG 2132 --- [           main] o.h.t.d.sql.spi.DdlTypeRegistry          : addDescriptor(-3, org.hibernate.type.descriptor.sql.internal.CapacityDependentDdlType@4fc3529) replaced previous registration(org.hibernate.type.descriptor.sql.internal.CapacityDependentDdlType@38e46765)
2025-10-13T14:35:29.352+07:00 DEBUG 2132 --- [           main] o.h.t.d.sql.spi.DdlTypeRegistry          : addDescriptor(4003, org.hibernate.type.descriptor.sql.internal.DdlTypeImpl@192f5f39) replaced previous registration(org.hibernate.type.descriptor.sql.internal.DdlTypeImpl@4cd5fc46)
2025-10-13T14:35:29.352+07:00 DEBUG 2132 --- [           main] o.h.t.d.sql.spi.DdlTypeRegistry          : addDescriptor(4001, org.hibernate.type.descriptor.sql.internal.DdlTypeImpl@2965dd88) replaced previous registration(org.hibernate.type.descriptor.sql.internal.DdlTypeImpl@3221588e)
2025-10-13T14:35:29.352+07:00 DEBUG 2132 --- [           main] o.h.t.d.sql.spi.DdlTypeRegistry          : addDescriptor(4002, org.hibernate.type.descriptor.sql.internal.DdlTypeImpl@51141f64) replaced previous registration(org.hibernate.type.descriptor.sql.internal.DdlTypeImpl@32c0fecc)
2025-10-13T14:35:29.352+07:00 DEBUG 2132 --- [           main] o.h.t.d.sql.spi.DdlTypeRegistry          : addDescriptor(2004, org.hibernate.type.descriptor.sql.internal.CapacityDependentDdlType@35ceec81) replaced previous registration(org.hibernate.type.descriptor.sql.internal.DdlTypeImpl@d13379e)
2025-10-13T14:35:29.352+07:00 DEBUG 2132 --- [           main] o.h.t.d.sql.spi.DdlTypeRegistry          : addDescriptor(2005, org.hibernate.type.descriptor.sql.internal.CapacityDependentDdlType@7c8df667) replaced previous registration(org.hibernate.type.descriptor.sql.internal.DdlTypeImpl@498e41a4)
2025-10-13T14:35:29.352+07:00 DEBUG 2132 --- [           main] o.h.t.d.sql.spi.DdlTypeRegistry          : addDescriptor(2011, org.hibernate.type.descriptor.sql.internal.CapacityDependentDdlType@be616f0) replaced previous registration(org.hibernate.type.descriptor.sql.internal.DdlTypeImpl@1f5d7fd5)
2025-10-13T14:35:29.898+07:00  INFO 2132 --- [           main] o.h.e.t.j.p.i.JtaPlatformInitiator       : HHH000489: No JTA platform available (set 'hibernate.transaction.jta.platform' to enable JTA platform integration)
2025-10-13T14:35:29.937+07:00  INFO 2132 --- [           main] j.LocalContainerEntityManagerFactoryBean : Initialized JPA EntityManagerFactory for persistence unit 'default'
2025-10-13T14:35:30.397+07:00  INFO 2132 --- [           main] eAuthenticationProviderManagerConfigurer : Global AuthenticationManager configured with AuthenticationProvider bean with name authenticationProvider
2025-10-13T14:35:30.398+07:00  WARN 2132 --- [           main] r$InitializeUserDetailsManagerConfigurer : Global AuthenticationManager configured with an AuthenticationProvider bean. UserDetailsService beans will not be used by Spring Security for automatically configuring username/password login. Consider removing the AuthenticationProvider bean. Alternatively, consider using the UserDetailsService in a manually instantiated DaoAuthenticationProvider. If the current configuration is intentional, to turn off this warning, increase the logging level of 'org.springframework.security.config.annotation.authentication.configuration.InitializeUserDetailsBeanManagerConfigurer' to ERROR
2025-10-13T14:35:30.471+07:00  WARN 2132 --- [           main] JpaBaseConfiguration$JpaWebConfiguration : spring.jpa.open-in-view is enabled by default. Therefore, database queries may be performed during view rendering. Explicitly configure spring.jpa.open-in-view to disable this warning
2025-10-13T14:35:30.512+07:00  INFO 2132 --- [           main] o.s.b.a.w.s.WelcomePageHandlerMapping    : Adding welcome page: class path resource [static/index.html]
2025-10-13T14:35:30.897+07:00 DEBUG 2132 --- [           main] o.s.s.web.DefaultSecurityFilterChain     : Will secure any request with filters: DisableEncodeUrlFilter, WebAsyncManagerIntegrationFilter, SecurityContextHolderFilter, HeaderWriterFilter, CorsFilter, LogoutFilter, JwtAuthTokenFilter, RequestCacheAwareFilter, SecurityContextHolderAwareRequestFilter, AnonymousAuthenticationFilter, SessionManagementFilter, ExceptionTranslationFilter, AuthorizationFilter
2025-10-13T14:35:31.260+07:00  INFO 2132 --- [           main] v.e.u.q.QuanlidaythemApplicationTests    : Started QuanlidaythemApplicationTests in 4.898 seconds (process running for 6.005)
]]></system-out>
  </testcase>
</testsuite>